<?xml version="1.0" encoding="UTF-8"?>
<testsuite xmlns:xsi="http://www.w3.org/2001/XMLSchema-instance" xsi:noNamespaceSchemaLocation="https://maven.apache.org/surefire/maven-surefire-plugin/xsd/surefire-test-report-3.0.xsd" version="3.0" name="com.leetcode.MediumAlgorithmsTest" time="0.041" tests="3" errors="0" skipped="0" failures="0">
  <properties>
[...]
</properties>
  <testcase name="testPossibleBipartition" classname="com.leetcode.MediumAlgorithmsTest" time="0.024">
    <system-out><![CDATA[possibleBipartition
]]></system-out>
  </testcase>
  <testcase name="testIntToRoman" classname="com.leetcode.MediumAlgorithmsTest" time="0.001"/>
  <testcase name="testTriangularSum" classname="com.leetcode.MediumAlgorithmsTest" time="0.001"/>
</testsuite>